Check environment variables:

  $ echo "$LANG"
  C
  $ echo "$LC_ALL"
  C
  $ echo "$LANGUAGE"
  C
  $ echo "$TZ"
  GMT
  $ echo "$CDPATH"
  
  $ echo "$GREP_OPTIONS"
  
  $ echo "$PRYSK_TEMP"
  /var/folders/w0/czjg195n4pj9j64ltjv244380000gn/T/prysk-tests-w72bdg20
  $ echo "$TESTDIR"
  /Users/nicoretti/Projects/prysk/examples
  $ ls "$TESTDIR"
  bare.t
  empty.t
  env.t
  env.t.err
  fail.t
  fail.t.err
  missingeol.t
  skip.t
  test.t
  $ echo "$TESTFILE"
  env.t
  $ pwd
  /private/var/folders/w0/czjg195n4pj9j64ltjv244380000gn/T/prysk-tests-w72bdg20/env.t
